[INFO] 11:41:46:622 Kernel/(2519:2519): Iniciando Servidor Kernel...
[INFO] 11:41:46:663 Kernel/(2519:2519): Servidor Kernel iniciado correctamente.
[INFO] 11:41:46:682 Kernel/(2519:2519): CONFIG: FIFO
[INFO] 11:41:46:713 Kernel/(2519:2522): INICIO PLANIFICACION FIFO
[INFO] 11:41:46:752 Kernel/(2519:2524): Esperando conexiones de Consola...
[INFO] 11:41:46:766 Kernel/(2519:2525): Conectando con Servidor CPU via Interrupción en IP: 127.0.0.1, Puerto: 8005
[INFO] 11:41:46:792 Kernel/(2519:2525): Conexión con Interrupción establecida.
[INFO] 11:41:46:793 Kernel/(2519:2527): Conectando con Servidor Memoria...
[INFO] 11:41:46:797 Kernel/(2519:2525): Enviando Interrupción al Servidor CPU...
[WARNING] 11:41:46:798 Kernel/(2519:2527): Conexión rechazada. El Servidor Memoria no está disponible.
[INFO] 11:41:46:829 Kernel/(2519:2525): Saliendo del Puerto Interrupt...
[INFO] 11:42:01:212 Kernel/(2519:2524): Conexión de Consola establecida.
[INFO] 11:42:01:227 Kernel/(2519:2538): Lineas de Código recibidas de Consola.
[INFO] 11:42:01:238 Kernel/(2519:2538): Proceso con PID: 0 , agregado a NEW en posicion : 1 .
[INFO] 11:42:01:244 Kernel/(2519:2520): Agregado a READY el proceso : 0 .
[INFO] 11:42:01:248 Kernel/(2519:2522): Agregado a EJECUTANDO el proceso : 0 .
[INFO] 11:42:01:253 Kernel/(2519:2521): Analizando si hay algun proceso para SUSPENDER
[INFO] 11:42:01:255 Kernel/(2519:2522):     
	Cola nuevos:      
	Cola listos:      
	Cola ejecutando: [0]     
	Cola bloqueados:     
	Cola suspended - ready:     
	Cola terminados: 
[INFO] 11:42:01:258 Kernel/(2519:2521): Analizando si hay algun proceso para SUSPENDER
[INFO] 11:42:01:257 Kernel/(2519:2538):     
	Cola nuevos:      
	Cola listos:      
	Cola ejecutando: [0]     
	Cola bloqueados:     
	Cola suspended - ready:     
	Cola terminados: 
[WARNING] 11:42:01:267 Kernel/(2519:2538): Conexión de Consola terminada.
[INFO] 11:42:01:252 Kernel/(2519:2520):     
	Cola nuevos:      
	Cola listos:      
	Cola ejecutando: [0]     
	Cola bloqueados:     
	Cola suspended - ready:     
	Cola terminados: 
[INFO] 11:42:01:271 Kernel/(2519:2524): Esperando conexiones de Consola...
[INFO] 11:42:01:282 Kernel/(2519:2522): Conectando con Servidor CPU via Dispatch en IP: 127.0.0.1 y Puerto: 8001
[INFO] 11:42:01:287 Kernel/(2519:2522): Conexión con Dispatch establecida.
[INFO] 11:42:02:213 Kernel/(2519:2524): Conexión de Consola establecida.
[INFO] 11:42:02:238 Kernel/(2519:2540): Lineas de Código recibidas de Consola.
[INFO] 11:42:02:242 Kernel/(2519:2540): Proceso con PID: 1 , agregado a NEW en posicion : 1 .
[INFO] 11:42:02:246 Kernel/(2519:2521): Analizando si hay algun proceso para SUSPENDER
[INFO] 11:42:02:249 Kernel/(2519:2540):     
	Cola nuevos:      
	Cola listos: [1]     
	Cola ejecutando: [0]     
	Cola bloqueados:     
	Cola suspended - ready:     
	Cola terminados: 
[INFO] 11:42:02:246 Kernel/(2519:2520): Agregado a READY el proceso : 1 .
[INFO] 11:42:02:256 Kernel/(2519:2520):     
	Cola nuevos:      
	Cola listos: [1]     
	Cola ejecutando: [0]     
	Cola bloqueados:     
	Cola suspended - ready:     
	Cola terminados: 
[WARNING] 11:42:02:294 Kernel/(2519:2540): Conexión de Consola terminada.
[INFO] 11:42:02:310 Kernel/(2519:2524): Esperando conexiones de Consola...
[INFO] 11:42:02:987 Kernel/(2519:2524): Conexión de Consola establecida.
[INFO] 11:42:03:008 Kernel/(2519:2542): Lineas de Código recibidas de Consola.
[INFO] 11:42:03:013 Kernel/(2519:2542): Proceso con PID: 2 , agregado a NEW en posicion : 1 .
[INFO] 11:42:03:015 Kernel/(2519:2521): Analizando si hay algun proceso para SUSPENDER
[INFO] 11:42:03:016 Kernel/(2519:2542):     
	Cola nuevos: [2]     
	Cola listos: [1]     
	Cola ejecutando: [0]     
	Cola bloqueados:     
	Cola suspended - ready:     
	Cola terminados: 
[WARNING] 11:42:03:020 Kernel/(2519:2542): Conexión de Consola terminada.
[INFO] 11:42:03:020 Kernel/(2519:2520): Agregado a READY el proceso : 2 .
[INFO] 11:42:03:026 Kernel/(2519:2524): Esperando conexiones de Consola...
[INFO] 11:42:03:028 Kernel/(2519:2520):     
	Cola nuevos:      
	Cola listos: [1][2]     
	Cola ejecutando: [0]     
	Cola bloqueados:     
	Cola suspended - ready:     
	Cola terminados: 
[INFO] 11:42:06:406 Kernel/(2519:2522): Recibi el PCB con PID : 0 de CPU!
[INFO] 11:42:06:409 Kernel/(2519:2522): El proceso 0 se encuentra BLOQUEADO por IO por 3000 ms
[INFO] 11:42:06:413 Kernel/(2519:2522): Proceso con PID: 0 , agregado a BLOQUEADO en posicion : 1 
[INFO] 11:42:06:416 Kernel/(2519:2523): ESTOY EJECUTANDO E/S
[INFO] 11:42:06:417 Kernel/(2519:2521): Analizando si hay algun proceso para SUSPENDER
[INFO] 11:42:06:418 Kernel/(2519:2521): Tiempo BLOQUEO proceso 0 : 0
[INFO] 11:42:06:417 Kernel/(2519:2523): Duermo PID: 0 ,3 segundos
[INFO] 11:42:06:421 Kernel/(2519:2522):     
	Cola nuevos:      
	Cola listos: [1][2]     
	Cola ejecutando:      
	Cola bloqueados: [0]    
	Cola suspended - ready:     
	Cola terminados: 
[INFO] 11:42:06:431 Kernel/(2519:2522): Agregado a EJECUTANDO el proceso : 1 .
[INFO] 11:42:06:432 Kernel/(2519:2523): Proceso PID:0 salío de BLOQUEADO.
[INFO] 11:42:06:440 Kernel/(2519:2522):     
	Cola nuevos:      
	Cola listos: [2]     
	Cola ejecutando: [1]     
	Cola bloqueados:     
	Cola suspended - ready:     
	Cola terminados: 
[INFO] 11:42:06:441 Kernel/(2519:2523): Agregado a READY el proceso : 0 .
[INFO] 11:42:06:443 Kernel/(2519:2521): Analizando si hay algun proceso para SUSPENDER
[INFO] 11:42:06:444 Kernel/(2519:2523):     
	Cola nuevos:      
	Cola listos: [2][0]     
	Cola ejecutando: [1]     
	Cola bloqueados:     
	Cola suspended - ready:     
	Cola terminados: 
[INFO] 11:42:06:460 Kernel/(2519:2522): Conectando con Servidor CPU via Dispatch en IP: 127.0.0.1 y Puerto: 8001
[INFO] 11:42:06:461 Kernel/(2519:2522): Conexión con Dispatch establecida.
[INFO] 11:42:11:557 Kernel/(2519:2522): Recibi el PCB con PID : 1 de CPU!
[INFO] 11:42:11:560 Kernel/(2519:2522): El proceso 1 se encuentra TERMINADO 
[INFO] 11:42:11:561 Kernel/(2519:2522): Proceso con PID: 1 , agregado a FIN en posicion : 1 .
[INFO] 11:42:11:563 Kernel/(2519:2522):     
	Cola nuevos:      
	Cola listos: [2][0]     
	Cola ejecutando:      
	Cola bloqueados:     
	Cola suspended - ready:     
	Cola terminados: [1]
[INFO] 11:42:11:567 Kernel/(2519:2522): Cantidad procesos en MEMORIA 2
[INFO] 11:42:11:572 Kernel/(2519:2522): Agregado a EJECUTANDO el proceso : 2 .
[INFO] 11:42:11:575 Kernel/(2519:2522):     
	Cola nuevos:      
	Cola listos: [0]     
	Cola ejecutando: [2]     
	Cola bloqueados:     
	Cola suspended - ready:     
	Cola terminados: [1]
[INFO] 11:42:11:584 Kernel/(2519:2521): Analizando si hay algun proceso para SUSPENDER
[INFO] 11:42:11:587 Kernel/(2519:2522): Conectando con Servidor CPU via Dispatch en IP: 127.0.0.1 y Puerto: 8001
[INFO] 11:42:11:588 Kernel/(2519:2522): Conexión con Dispatch establecida.
[INFO] 11:42:16:733 Kernel/(2519:2522): Recibi el PCB con PID : 2 de CPU!
[INFO] 11:42:16:736 Kernel/(2519:2522): El proceso 2 se encuentra TERMINADO 
[INFO] 11:42:16:736 Kernel/(2519:2522): Proceso con PID: 2 , agregado a FIN en posicion : 2 .
[INFO] 11:42:16:738 Kernel/(2519:2522):     
	Cola nuevos:      
	Cola listos: [0]     
	Cola ejecutando:      
	Cola bloqueados:     
	Cola suspended - ready:     
	Cola terminados: [1][2]
[INFO] 11:42:16:742 Kernel/(2519:2522): Cantidad procesos en MEMORIA 1
[INFO] 11:42:16:745 Kernel/(2519:2522): Agregado a EJECUTANDO el proceso : 0 .
[INFO] 11:42:16:751 Kernel/(2519:2522):     
	Cola nuevos:      
	Cola listos:      
	Cola ejecutando: [0]     
	Cola bloqueados:     
	Cola suspended - ready:     
	Cola terminados: [1][2]
[INFO] 11:42:16:755 Kernel/(2519:2521): Analizando si hay algun proceso para SUSPENDER
[INFO] 11:42:16:756 Kernel/(2519:2522): Conectando con Servidor CPU via Dispatch en IP: 127.0.0.1 y Puerto: 8001
[INFO] 11:42:16:757 Kernel/(2519:2522): Conexión con Dispatch establecida.
[INFO] 11:42:19:819 Kernel/(2519:2522): Recibi el PCB con PID : 0 de CPU!
[INFO] 11:42:19:819 Kernel/(2519:2522): El proceso 0 se encuentra TERMINADO 
[INFO] 11:42:19:821 Kernel/(2519:2522): Proceso con PID: 0 , agregado a FIN en posicion : 3 .
[INFO] 11:42:19:826 Kernel/(2519:2522):     
	Cola nuevos:      
	Cola listos:      
	Cola ejecutando:      
	Cola bloqueados:     
	Cola suspended - ready:     
	Cola terminados: [1][2][0]
[INFO] 11:42:19:848 Kernel/(2519:2522): Cantidad procesos en MEMORIA 0
